Determining if the pthread_create exist failed with the following output:
Change Dir: /home/pirozhok/my_project_dir/INF574/TD2/build/CMakeFiles/CMakeTmp

Run Build Command:"/usr/bin/make" "cmTC_838db/fast"
/usr/bin/make -f CMakeFiles/cmTC_838db.dir/build.make CMakeFiles/cmTC_838db.dir/build
make[1]: Entering directory '/home/pirozhok/my_project_dir/INF574/TD2/build/CMakeFiles/CMakeTmp'
Building C object CMakeFiles/cmTC_838db.dir/CheckSymbolExists.c.o
/usr/bin/cc   -fPIC    -o CMakeFiles/cmTC_838db.dir/CheckSymbolExists.c.o   -c /home/pirozhok/my_project_dir/INF574/TD2/build/CMakeFiles/CMakeTmp/CheckSymbolExists.c
Linking C executable cmTC_838db
/usr/bin/cmake -E cmake_link_script CMakeFiles/cmTC_838db.dir/link.txt --verbose=1
/usr/bin/cc  -fPIC     -rdynamic CMakeFiles/cmTC_838db.dir/CheckSymbolExists.c.o  -o cmTC_838db 
CMakeFiles/cmTC_838db.dir/CheckSymbolExists.c.o: In function `main':
CheckSymbolExists.c:(.text+0x1b): undefined reference to `pthread_create'
collect2: error: ld returned 1 exit status
CMakeFiles/cmTC_838db.dir/build.make:97: recipe for target 'cmTC_838db' failed
make[1]: *** [cmTC_838db] Error 1
make[1]: Leaving directory '/home/pirozhok/my_project_dir/INF574/TD2/build/CMakeFiles/CMakeTmp'
Makefile:126: recipe for target 'cmTC_838db/fast' failed
make: *** [cmTC_838db/fast] Error 2

File /home/pirozhok/my_project_dir/INF574/TD2/build/CMakeFiles/CMakeTmp/CheckSymbolExists.c:
/* */
#include <pthread.h>

int main(int argc, char** argv)
{
  (void)argv;
#ifndef pthread_create
  return ((int*)(&pthread_create))[argc];
#else
  (void)argc;
  return 0;
#endif
}

Determining if the function pthread_create exists in the pthreads failed with the following output:
Change Dir: /home/pirozhok/my_project_dir/INF574/TD2/build/CMakeFiles/CMakeTmp

Run Build Command:"/usr/bin/make" "cmTC_1480c/fast"
/usr/bin/make -f CMakeFiles/cmTC_1480c.dir/build.make CMakeFiles/cmTC_1480c.dir/build
make[1]: Entering directory '/home/pirozhok/my_project_dir/INF574/TD2/build/CMakeFiles/CMakeTmp'
Building C object CMakeFiles/cmTC_1480c.dir/CheckFunctionExists.c.o
/usr/bin/cc   -fPIC -DCHECK_FUNCTION_EXISTS=pthread_create   -o CMakeFiles/cmTC_1480c.dir/CheckFunctionExists.c.o   -c /usr/share/cmake-3.10/Modules/CheckFunctionExists.c
Linking C executable cmTC_1480c
/usr/bin/cmake -E cmake_link_script CMakeFiles/cmTC_1480c.dir/link.txt --verbose=1
/usr/bin/cc  -fPIC -DCHECK_FUNCTION_EXISTS=pthread_create    -rdynamic CMakeFiles/cmTC_1480c.dir/CheckFunctionExists.c.o  -o cmTC_1480c -lpthreads 
/usr/bin/ld: cannot find -lpthreads
collect2: error: ld returned 1 exit status
CMakeFiles/cmTC_1480c.dir/build.make:97: recipe for target 'cmTC_1480c' failed
make[1]: *** [cmTC_1480c] Error 1
make[1]: Leaving directory '/home/pirozhok/my_project_dir/INF574/TD2/build/CMakeFiles/CMakeTmp'
Makefile:126: recipe for target 'cmTC_1480c/fast' failed
make: *** [cmTC_1480c/fast] Error 2


